{
  "stats": {
    "suites": 1,
    "tests": 5,
    "passes": 3,
    "pending": 0,
    "failures": 2,
    "start": "2025-05-14T09:01:17.826Z",
    "end": "2025-05-14T09:02:32.556Z",
    "duration": 74730,
    "testsRegistered": 5,
    "passPercent": 60,
    "pendingPercent": 0,
    "other": 0,
    "hasOther": false,
    "skipped": 0,
    "hasSkipped": false
  },
  "results": [
    {
      "uuid": "9e91ddce-f4d3-4162-b1d0-e5da60072874",
      "title": "",
      "fullFile": "cypress\\integration\\example\\BDD\\Login\\Login.feature",
      "file": "cypress\\integration\\example\\BDD\\Login\\Login.feature",
      "beforeHooks": [],
      "afterHooks": [],
      "tests": [],
      "suites": [
        {
          "uuid": "7f603c81-6722-497f-a1c6-d8215ae1483e",
          "title": "To Login on the GAED folder",
          "fullFile": "",
          "file": "",
          "beforeHooks": [],
          "afterHooks": [],
          "tests": [
            {
              "title": "To Login to gaed portal with valid email (example #1)",
              "fullTitle": "To Login on the GAED folder To Login to gaed portal with valid email (example #1)",
              "timedOut": null,
              "duration": 8492,
              "state": "failed",
              "speed": null,
              "pass": false,
              "fail": true,
              "pending": false,
              "context": "{\n  \"title\": \"cypress-mochawesome-reporter-screenshots\",\n  \"value\": [\n    [\n      \"\\\\Login.feature\\\\To Login on the GAED folder -- To Login to gaed portal with valid email (example #1) (failed).png\"\n    ],\n    [\n      \"\\\\Login.feature\\\\To Login on the GAED folder -- To Login to gaed portal with valid email (example #1) (failed) (attempt 2).png\"\n    ]\n  ]\n}",
              "code": "var _a, _b, _c, _d, _e;\n/**\n * This must always be true, otherwise something is off.\n */\n(0, assertions_1.assert)(context.includedPickles[0].id === pickle.id, \"Included pickle stack is unsynchronized\");\nconst { remainingSteps, testCaseStartedId } = retrieveInternalSpecProperties();\ntaskTestCaseStarted(context, {\n    id: testCaseStartedId,\n    testCaseId,\n    attempt: attempt++,\n    timestamp: (0, messages_1.createTimestamp)(),\n});\nwindow.testState = {\n    gherkinDocument,\n    pickles,\n    pickle,\n};\nconst onAfterStep = (options) => {\n    var _a, _b, _c;\n    const { testStepId, start, result } = options;\n    const end = (0, messages_1.createTimestamp)();\n    if (result === \"pending\" || result === \"skipped\") {\n        if (result === \"pending\") {\n            taskTestStepFinished(context, {\n                testStepId,\n                testCaseStartedId,\n                testStepResult: {\n                    status: messages_enums_1.TestStepResultStatus.PENDING,\n                    duration: (0, messages_1.duration)(start, end),\n                },\n                timestamp: end,\n            });\n        }\n        else {\n            taskTestStepFinished(context, {\n                testStepId,\n                testCaseStartedId,\n                testStepResult: {\n                    status: messages_enums_1.TestStepResultStatus.SKIPPED,\n                    duration: (0, messages_1.duration)(start, end),\n                },\n                timestamp: end,\n            });\n        }\n        remainingSteps.shift();\n        for (const skippedStep of remainingSteps) {\n            const hookIdOrPickleStepId = (0, assertions_1.assertAndReturn)((_b = (_a = skippedStep.hook) === null || _a === void 0 ? void 0 : _a.id) !== null && _b !== void 0 ? _b : (_c = skippedStep.pickleStep) === null || _c === void 0 ? void 0 : _c.id, \"Expected a step to either be a hook or a pickleStep\");\n            const testStepId = getTestStepId({\n                context,\n                pickleId: pickle.id,\n                hookIdOrPickleStepId,\n            });\n            taskTestStepStarted(context, {\n                testStepId,\n                testCaseStartedId,\n                timestamp: (0, messages_1.createTimestamp)(),\n            });\n            taskTestStepFinished(context, {\n                testStepId,\n                testCaseStartedId,\n                testStepResult: {\n                    status: messages_enums_1.TestStepResultStatus.SKIPPED,\n                    duration: {\n                        seconds: 0,\n                        nanos: 0,\n                    },\n                },\n                timestamp: (0, messages_1.createTimestamp)(),\n            });\n        }\n        for (let i = 0, count = remainingSteps.length; i < count; i++) {\n            remainingSteps.pop();\n        }\n        cy.then(() => this.skip());\n    }\n    else {\n        taskTestStepFinished(context, {\n            testStepId,\n            testCaseStartedId,\n            testStepResult: {\n                status: messages_enums_1.TestStepResultStatus.PASSED,\n                duration: (0, messages_1.duration)(start, end),\n            },\n            timestamp: end,\n        });\n        remainingSteps.shift();\n    }\n};\nfor (const step of steps) {\n    if (step.hook) {\n        const hook = step.hook;\n        const testStepId = getTestStepId({\n            context,\n            pickleId: pickle.id,\n            hookIdOrPickleStepId: hook.id,\n        });\n        cy.then(() => {\n            delete window.testState.pickleStep;\n            const start = (0, messages_1.createTimestamp)();\n            internalProperties.currentStepStartedAt = start;\n            taskTestStepStarted(context, {\n                testStepId,\n                testCaseStartedId,\n                timestamp: start,\n            });\n            return cy.wrap(start, { log: false });\n        })\n            .then((start) => {\n            const options = {\n                pickle,\n                gherkinDocument,\n                testCaseStartedId,\n            };\n            return (0, cypress_1.runStepWithLogGroup)({\n                fn: dryRun\n                    ? noopFn\n                    : () => registry.runCaseHook(this, hook, options),\n                keyword: hook.keyword,\n                text: createStepDescription(hook),\n            }).then((result) => {\n                return { start, result };\n            });\n        })\n            .then(({ start, result }) => onAfterStep({ start, result, testStepId }));\n    }\n    else if (step.pickleStep) {\n        const pickleStep = step.pickleStep;\n        const testStepId = getTestStepId({\n            context,\n            pickleId: pickle.id,\n            hookIdOrPickleStepId: pickleStep.id,\n        });\n        const text = (0, assertions_1.assertAndReturn)(pickleStep.text, \"Expected pickle step to have a text\");\n        const scenarioStep = (0, assertions_1.assertAndReturn)(context.astIdsMap.get((0, assertions_1.assertAndReturn)((_a = pickleStep.astNodeIds) === null || _a === void 0 ? void 0 : _a[0], \"Expected to find at least one astNodeId\")), `Expected to find scenario step associated with id = ${(_b = pickleStep.astNodeIds) === null || _b === void 0 ? void 0 : _b[0]}`);\n        const argument = ((_c = pickleStep.argument) === null || _c === void 0 ? void 0 : _c.dataTable)\n            ? new data_table_1.default(pickleStep.argument.dataTable)\n            : ((_e = (_d = pickleStep.argument) === null || _d === void 0 ? void 0 : _d.docString) === null || _e === void 0 ? void 0 : _e.content)\n                ? pickleStep.argument.docString.content\n                : undefined;\n        cy.then(() => {\n            window.testState.pickleStep = step.pickleStep;\n            const start = (0, messages_1.createTimestamp)();\n            internalProperties.currentStep = { pickleStep };\n            internalProperties.currentStepStartedAt = start;\n            taskTestStepStarted(context, {\n                testStepId,\n                testCaseStartedId,\n                timestamp: start,\n            });\n            return cy.wrap(start, { log: false });\n        })\n            .then((start) => {\n            const beforeStepHooks = registry.resolveBeforeStepHooks(tags);\n            const afterStepHooks = registry.resolveAfterStepHooks(tags);\n            const options = {\n                pickle,\n                pickleStep,\n                gherkinDocument,\n                testCaseStartedId,\n                testStepId,\n            };\n            const beforeHooksChain = beforeStepHooks.reduce((chain, beforeStepHook) => {\n                return chain.then(() => (0, cypress_1.runStepWithLogGroup)({\n                    keyword: \"BeforeStep\",\n                    text: createStepDescription(beforeStepHook),\n                    fn: dryRun\n                        ? noopFn\n                        : () => registry.runStepHook(this, beforeStepHook, options),\n                }));\n            }, cy.wrap({}, { log: false }));\n            return beforeHooksChain.then(() => {\n                try {\n                    return (0, cypress_1.runStepWithLogGroup)({\n                        keyword: (0, assertions_1.assertAndReturn)(\"keyword\" in scenarioStep && scenarioStep.keyword, \"Expected to find a keyword in the scenario step\"),\n                        argument,\n                        text,\n                        fn: () => registry.runStepDefininition(this, text, dryRun, argument),\n                    }).then((result) => {\n                        return afterStepHooks\n                            .reduce((chain, afterStepHook) => {\n                            return chain.then(() => (0, cypress_1.runStepWithLogGroup)({\n                                keyword: \"AfterStep\",\n                                text: createStepDescription(afterStepHook),\n                                fn: dryRun\n                                    ? noopFn\n                                    : () => registry.runStepHook(this, afterStepHook, options),\n                            }));\n                        }, cy.wrap({}, { log: false }))\n                            .then(() => {\n                            return { start, result };\n                        });\n                    });\n                }\n                catch (e) {\n                    if (e instanceof registry_1.MissingDefinitionError) {\n                        throw new Error(createMissingStepDefinitionMessage(context, pickleStep, context.registry.parameterTypeRegistry));\n                    }\n                    else {\n                        throw e;\n                    }\n                }\n            });\n        })\n            .then(({ start, result }) => onAfterStep({ start, result, testStepId }));\n    }\n}",
              "err": {
                "message": "CypressError: Timed out retrying after 5000ms: `cy.wait()` timed out waiting `5000ms` for the 1st request to the route: `sendOtp`. No request ever occurred.\n\nhttps://on.cypress.io/wait",
                "estack": "CypressError: Timed out retrying after 5000ms: `cy.wait()` timed out waiting `5000ms` for the 1st request to the route: `sendOtp`. No request ever occurred.\n\nhttps://on.cypress.io/wait\n    at cypressErr (https://qa.gaedkeeper.com/__cypress/runner/cypress_runner.js:76205:18)\n    at Object.errByPath (https://qa.gaedkeeper.com/__cypress/runner/cypress_runner.js:76259:10)\n    at checkForXhr (https://qa.gaedkeeper.com/__cypress/runner/cypress_runner.js:137464:84)\n    at <unknown> (https://qa.gaedkeeper.com/__cypress/runner/cypress_runner.js:137490:28)\n    at tryCatcher (https://qa.gaedkeeper.com/__cypress/runner/cypress_runner.js:1777:23)\n    at Promise.attempt.Promise.try (https://qa.gaedkeeper.com/__cypress/runner/cypress_runner.js:4285:29)\n    at whenStable (https://qa.gaedkeeper.com/__cypress/runner/cypress_runner.js:145846:68)\n    at <unknown> (https://qa.gaedkeeper.com/__cypress/runner/cypress_runner.js:145787:14)\n    at tryCatcher (https://qa.gaedkeeper.com/__cypress/runner/cypress_runner.js:1777:23)\n    at Promise._settlePromiseFromHandler (https://qa.gaedkeeper.com/__cypress/runner/cypress_runner.js:1489:31)\n    at Promise._settlePromise (https://qa.gaedkeeper.com/__cypress/runner/cypress_runner.js:1546:18)\n    at Promise._settlePromise0 (https://qa.gaedkeeper.com/__cypress/runner/cypress_runner.js:1591:10)\n    at Promise._settlePromises (https://qa.gaedkeeper.com/__cypress/runner/cypress_runner.js:1671:18)\n    at Promise._fulfill (https://qa.gaedkeeper.com/__cypress/runner/cypress_runner.js:1615:18)\n    at <unknown> (https://qa.gaedkeeper.com/__cypress/runner/cypress_runner.js:5420:46)\nFrom Your Spec Code:\n    at Object.proxyGetter [as get] (https://qa.gaedkeeper.com/__cypress/runner/cypress_runner.js:78967:22)\n    at exists (https://qa.gaedkeeper.com/__cypress/runner/cypress_runner.js:145028:26)\n    at elExists (https://qa.gaedkeeper.com/__cypress/runner/cypress_runner.js:145043:10)\n    at ensureExistence (https://qa.gaedkeeper.com/__cypress/runner/cypress_runner.js:145224:22)\n    at onFailFn (https://qa.gaedkeeper.com/__cypress/runner/cypress_runner.js:145253:53)",
                "diff": null
              },
              "uuid": "75689e06-b283-44f7-b30d-854f79e45bd9",
              "parentUUID": "7f603c81-6722-497f-a1c6-d8215ae1483e",
              "isHook": false,
              "skipped": false
            },
            {
              "title": "To Login to gaed portal with valid email (example #2)",
              "fullTitle": "To Login on the GAED folder To Login to gaed portal with valid email (example #2)",
              "timedOut": null,
              "duration": 7960,
              "state": "failed",
              "speed": null,
              "pass": false,
              "fail": true,
              "pending": false,
              "context": "{\n  \"title\": \"cypress-mochawesome-reporter-screenshots\",\n  \"value\": [\n    [\n      \"\\\\Login.feature\\\\To Login on the GAED folder -- To Login to gaed portal with valid email (example #2) (failed).png\"\n    ],\n    [\n      \"\\\\Login.feature\\\\To Login on the GAED folder -- To Login to gaed portal with valid email (example #2) (failed) (attempt 2).png\"\n    ]\n  ]\n}",
              "code": "var _a, _b, _c, _d, _e;\n/**\n * This must always be true, otherwise something is off.\n */\n(0, assertions_1.assert)(context.includedPickles[0].id === pickle.id, \"Included pickle stack is unsynchronized\");\nconst { remainingSteps, testCaseStartedId } = retrieveInternalSpecProperties();\ntaskTestCaseStarted(context, {\n    id: testCaseStartedId,\n    testCaseId,\n    attempt: attempt++,\n    timestamp: (0, messages_1.createTimestamp)(),\n});\nwindow.testState = {\n    gherkinDocument,\n    pickles,\n    pickle,\n};\nconst onAfterStep = (options) => {\n    var _a, _b, _c;\n    const { testStepId, start, result } = options;\n    const end = (0, messages_1.createTimestamp)();\n    if (result === \"pending\" || result === \"skipped\") {\n        if (result === \"pending\") {\n            taskTestStepFinished(context, {\n                testStepId,\n                testCaseStartedId,\n                testStepResult: {\n                    status: messages_enums_1.TestStepResultStatus.PENDING,\n                    duration: (0, messages_1.duration)(start, end),\n                },\n                timestamp: end,\n            });\n        }\n        else {\n            taskTestStepFinished(context, {\n                testStepId,\n                testCaseStartedId,\n                testStepResult: {\n                    status: messages_enums_1.TestStepResultStatus.SKIPPED,\n                    duration: (0, messages_1.duration)(start, end),\n                },\n                timestamp: end,\n            });\n        }\n        remainingSteps.shift();\n        for (const skippedStep of remainingSteps) {\n            const hookIdOrPickleStepId = (0, assertions_1.assertAndReturn)((_b = (_a = skippedStep.hook) === null || _a === void 0 ? void 0 : _a.id) !== null && _b !== void 0 ? _b : (_c = skippedStep.pickleStep) === null || _c === void 0 ? void 0 : _c.id, \"Expected a step to either be a hook or a pickleStep\");\n            const testStepId = getTestStepId({\n                context,\n                pickleId: pickle.id,\n                hookIdOrPickleStepId,\n            });\n            taskTestStepStarted(context, {\n                testStepId,\n                testCaseStartedId,\n                timestamp: (0, messages_1.createTimestamp)(),\n            });\n            taskTestStepFinished(context, {\n                testStepId,\n                testCaseStartedId,\n                testStepResult: {\n                    status: messages_enums_1.TestStepResultStatus.SKIPPED,\n                    duration: {\n                        seconds: 0,\n                        nanos: 0,\n                    },\n                },\n                timestamp: (0, messages_1.createTimestamp)(),\n            });\n        }\n        for (let i = 0, count = remainingSteps.length; i < count; i++) {\n            remainingSteps.pop();\n        }\n        cy.then(() => this.skip());\n    }\n    else {\n        taskTestStepFinished(context, {\n            testStepId,\n            testCaseStartedId,\n            testStepResult: {\n                status: messages_enums_1.TestStepResultStatus.PASSED,\n                duration: (0, messages_1.duration)(start, end),\n            },\n            timestamp: end,\n        });\n        remainingSteps.shift();\n    }\n};\nfor (const step of steps) {\n    if (step.hook) {\n        const hook = step.hook;\n        const testStepId = getTestStepId({\n            context,\n            pickleId: pickle.id,\n            hookIdOrPickleStepId: hook.id,\n        });\n        cy.then(() => {\n            delete window.testState.pickleStep;\n            const start = (0, messages_1.createTimestamp)();\n            internalProperties.currentStepStartedAt = start;\n            taskTestStepStarted(context, {\n                testStepId,\n                testCaseStartedId,\n                timestamp: start,\n            });\n            return cy.wrap(start, { log: false });\n        })\n            .then((start) => {\n            const options = {\n                pickle,\n                gherkinDocument,\n                testCaseStartedId,\n            };\n            return (0, cypress_1.runStepWithLogGroup)({\n                fn: dryRun\n                    ? noopFn\n                    : () => registry.runCaseHook(this, hook, options),\n                keyword: hook.keyword,\n                text: createStepDescription(hook),\n            }).then((result) => {\n                return { start, result };\n            });\n        })\n            .then(({ start, result }) => onAfterStep({ start, result, testStepId }));\n    }\n    else if (step.pickleStep) {\n        const pickleStep = step.pickleStep;\n        const testStepId = getTestStepId({\n            context,\n            pickleId: pickle.id,\n            hookIdOrPickleStepId: pickleStep.id,\n        });\n        const text = (0, assertions_1.assertAndReturn)(pickleStep.text, \"Expected pickle step to have a text\");\n        const scenarioStep = (0, assertions_1.assertAndReturn)(context.astIdsMap.get((0, assertions_1.assertAndReturn)((_a = pickleStep.astNodeIds) === null || _a === void 0 ? void 0 : _a[0], \"Expected to find at least one astNodeId\")), `Expected to find scenario step associated with id = ${(_b = pickleStep.astNodeIds) === null || _b === void 0 ? void 0 : _b[0]}`);\n        const argument = ((_c = pickleStep.argument) === null || _c === void 0 ? void 0 : _c.dataTable)\n            ? new data_table_1.default(pickleStep.argument.dataTable)\n            : ((_e = (_d = pickleStep.argument) === null || _d === void 0 ? void 0 : _d.docString) === null || _e === void 0 ? void 0 : _e.content)\n                ? pickleStep.argument.docString.content\n                : undefined;\n        cy.then(() => {\n            window.testState.pickleStep = step.pickleStep;\n            const start = (0, messages_1.createTimestamp)();\n            internalProperties.currentStep = { pickleStep };\n            internalProperties.currentStepStartedAt = start;\n            taskTestStepStarted(context, {\n                testStepId,\n                testCaseStartedId,\n                timestamp: start,\n            });\n            return cy.wrap(start, { log: false });\n        })\n            .then((start) => {\n            const beforeStepHooks = registry.resolveBeforeStepHooks(tags);\n            const afterStepHooks = registry.resolveAfterStepHooks(tags);\n            const options = {\n                pickle,\n                pickleStep,\n                gherkinDocument,\n                testCaseStartedId,\n                testStepId,\n            };\n            const beforeHooksChain = beforeStepHooks.reduce((chain, beforeStepHook) => {\n                return chain.then(() => (0, cypress_1.runStepWithLogGroup)({\n                    keyword: \"BeforeStep\",\n                    text: createStepDescription(beforeStepHook),\n                    fn: dryRun\n                        ? noopFn\n                        : () => registry.runStepHook(this, beforeStepHook, options),\n                }));\n            }, cy.wrap({}, { log: false }));\n            return beforeHooksChain.then(() => {\n                try {\n                    return (0, cypress_1.runStepWithLogGroup)({\n                        keyword: (0, assertions_1.assertAndReturn)(\"keyword\" in scenarioStep && scenarioStep.keyword, \"Expected to find a keyword in the scenario step\"),\n                        argument,\n                        text,\n                        fn: () => registry.runStepDefininition(this, text, dryRun, argument),\n                    }).then((result) => {\n                        return afterStepHooks\n                            .reduce((chain, afterStepHook) => {\n                            return chain.then(() => (0, cypress_1.runStepWithLogGroup)({\n                                keyword: \"AfterStep\",\n                                text: createStepDescription(afterStepHook),\n                                fn: dryRun\n                                    ? noopFn\n                                    : () => registry.runStepHook(this, afterStepHook, options),\n                            }));\n                        }, cy.wrap({}, { log: false }))\n                            .then(() => {\n                            return { start, result };\n                        });\n                    });\n                }\n                catch (e) {\n                    if (e instanceof registry_1.MissingDefinitionError) {\n                        throw new Error(createMissingStepDefinitionMessage(context, pickleStep, context.registry.parameterTypeRegistry));\n                    }\n                    else {\n                        throw e;\n                    }\n                }\n            });\n        })\n            .then(({ start, result }) => onAfterStep({ start, result, testStepId }));\n    }\n}",
              "err": {
                "message": "CypressError: Timed out retrying after 5000ms: `cy.wait()` timed out waiting `5000ms` for the 1st request to the route: `sendOtp`. No request ever occurred.\n\nhttps://on.cypress.io/wait",
                "estack": "CypressError: Timed out retrying after 5000ms: `cy.wait()` timed out waiting `5000ms` for the 1st request to the route: `sendOtp`. No request ever occurred.\n\nhttps://on.cypress.io/wait\n    at cypressErr (https://qa.gaedkeeper.com/__cypress/runner/cypress_runner.js:76205:18)\n    at Object.errByPath (https://qa.gaedkeeper.com/__cypress/runner/cypress_runner.js:76259:10)\n    at checkForXhr (https://qa.gaedkeeper.com/__cypress/runner/cypress_runner.js:137464:84)\n    at <unknown> (https://qa.gaedkeeper.com/__cypress/runner/cypress_runner.js:137490:28)\n    at tryCatcher (https://qa.gaedkeeper.com/__cypress/runner/cypress_runner.js:1777:23)\n    at Promise.attempt.Promise.try (https://qa.gaedkeeper.com/__cypress/runner/cypress_runner.js:4285:29)\n    at whenStable (https://qa.gaedkeeper.com/__cypress/runner/cypress_runner.js:145846:68)\n    at <unknown> (https://qa.gaedkeeper.com/__cypress/runner/cypress_runner.js:145787:14)\n    at tryCatcher (https://qa.gaedkeeper.com/__cypress/runner/cypress_runner.js:1777:23)\n    at Promise._settlePromiseFromHandler (https://qa.gaedkeeper.com/__cypress/runner/cypress_runner.js:1489:31)\n    at Promise._settlePromise (https://qa.gaedkeeper.com/__cypress/runner/cypress_runner.js:1546:18)\n    at Promise._settlePromise0 (https://qa.gaedkeeper.com/__cypress/runner/cypress_runner.js:1591:10)\n    at Promise._settlePromises (https://qa.gaedkeeper.com/__cypress/runner/cypress_runner.js:1671:18)\n    at Promise._fulfill (https://qa.gaedkeeper.com/__cypress/runner/cypress_runner.js:1615:18)\n    at <unknown> (https://qa.gaedkeeper.com/__cypress/runner/cypress_runner.js:5420:46)\nFrom Your Spec Code:\n    at Object.proxyGetter [as get] (https://qa.gaedkeeper.com/__cypress/runner/cypress_runner.js:78967:22)\n    at exists (https://qa.gaedkeeper.com/__cypress/runner/cypress_runner.js:145028:26)\n    at elExists (https://qa.gaedkeeper.com/__cypress/runner/cypress_runner.js:145043:10)\n    at ensureExistence (https://qa.gaedkeeper.com/__cypress/runner/cypress_runner.js:145224:22)\n    at onFailFn (https://qa.gaedkeeper.com/__cypress/runner/cypress_runner.js:145253:53)",
                "diff": null
              },
              "uuid": "79334dda-a85a-463c-9f71-137d5477ff15",
              "parentUUID": "7f603c81-6722-497f-a1c6-d8215ae1483e",
              "isHook": false,
              "skipped": false
            },
            {
              "title": "To Login to gaed portal with Invalid email (example #1)",
              "fullTitle": "To Login on the GAED folder To Login to gaed portal with Invalid email (example #1)",
              "timedOut": null,
              "duration": 2106,
              "state": "passed",
              "speed": "fast",
              "pass": true,
              "fail": false,
              "pending": false,
              "context": null,
              "code": "var _a, _b, _c, _d, _e;\n/**\n * This must always be true, otherwise something is off.\n */\n(0, assertions_1.assert)(context.includedPickles[0].id === pickle.id, \"Included pickle stack is unsynchronized\");\nconst { remainingSteps, testCaseStartedId } = retrieveInternalSpecProperties();\ntaskTestCaseStarted(context, {\n    id: testCaseStartedId,\n    testCaseId,\n    attempt: attempt++,\n    timestamp: (0, messages_1.createTimestamp)(),\n});\nwindow.testState = {\n    gherkinDocument,\n    pickles,\n    pickle,\n};\nconst onAfterStep = (options) => {\n    var _a, _b, _c;\n    const { testStepId, start, result } = options;\n    const end = (0, messages_1.createTimestamp)();\n    if (result === \"pending\" || result === \"skipped\") {\n        if (result === \"pending\") {\n            taskTestStepFinished(context, {\n                testStepId,\n                testCaseStartedId,\n                testStepResult: {\n                    status: messages_enums_1.TestStepResultStatus.PENDING,\n                    duration: (0, messages_1.duration)(start, end),\n                },\n                timestamp: end,\n            });\n        }\n        else {\n            taskTestStepFinished(context, {\n                testStepId,\n                testCaseStartedId,\n                testStepResult: {\n                    status: messages_enums_1.TestStepResultStatus.SKIPPED,\n                    duration: (0, messages_1.duration)(start, end),\n                },\n                timestamp: end,\n            });\n        }\n        remainingSteps.shift();\n        for (const skippedStep of remainingSteps) {\n            const hookIdOrPickleStepId = (0, assertions_1.assertAndReturn)((_b = (_a = skippedStep.hook) === null || _a === void 0 ? void 0 : _a.id) !== null && _b !== void 0 ? _b : (_c = skippedStep.pickleStep) === null || _c === void 0 ? void 0 : _c.id, \"Expected a step to either be a hook or a pickleStep\");\n            const testStepId = getTestStepId({\n                context,\n                pickleId: pickle.id,\n                hookIdOrPickleStepId,\n            });\n            taskTestStepStarted(context, {\n                testStepId,\n                testCaseStartedId,\n                timestamp: (0, messages_1.createTimestamp)(),\n            });\n            taskTestStepFinished(context, {\n                testStepId,\n                testCaseStartedId,\n                testStepResult: {\n                    status: messages_enums_1.TestStepResultStatus.SKIPPED,\n                    duration: {\n                        seconds: 0,\n                        nanos: 0,\n                    },\n                },\n                timestamp: (0, messages_1.createTimestamp)(),\n            });\n        }\n        for (let i = 0, count = remainingSteps.length; i < count; i++) {\n            remainingSteps.pop();\n        }\n        cy.then(() => this.skip());\n    }\n    else {\n        taskTestStepFinished(context, {\n            testStepId,\n            testCaseStartedId,\n            testStepResult: {\n                status: messages_enums_1.TestStepResultStatus.PASSED,\n                duration: (0, messages_1.duration)(start, end),\n            },\n            timestamp: end,\n        });\n        remainingSteps.shift();\n    }\n};\nfor (const step of steps) {\n    if (step.hook) {\n        const hook = step.hook;\n        const testStepId = getTestStepId({\n            context,\n            pickleId: pickle.id,\n            hookIdOrPickleStepId: hook.id,\n        });\n        cy.then(() => {\n            delete window.testState.pickleStep;\n            const start = (0, messages_1.createTimestamp)();\n            internalProperties.currentStepStartedAt = start;\n            taskTestStepStarted(context, {\n                testStepId,\n                testCaseStartedId,\n                timestamp: start,\n            });\n            return cy.wrap(start, { log: false });\n        })\n            .then((start) => {\n            const options = {\n                pickle,\n                gherkinDocument,\n                testCaseStartedId,\n            };\n            return (0, cypress_1.runStepWithLogGroup)({\n                fn: dryRun\n                    ? noopFn\n                    : () => registry.runCaseHook(this, hook, options),\n                keyword: hook.keyword,\n                text: createStepDescription(hook),\n            }).then((result) => {\n                return { start, result };\n            });\n        })\n            .then(({ start, result }) => onAfterStep({ start, result, testStepId }));\n    }\n    else if (step.pickleStep) {\n        const pickleStep = step.pickleStep;\n        const testStepId = getTestStepId({\n            context,\n            pickleId: pickle.id,\n            hookIdOrPickleStepId: pickleStep.id,\n        });\n        const text = (0, assertions_1.assertAndReturn)(pickleStep.text, \"Expected pickle step to have a text\");\n        const scenarioStep = (0, assertions_1.assertAndReturn)(context.astIdsMap.get((0, assertions_1.assertAndReturn)((_a = pickleStep.astNodeIds) === null || _a === void 0 ? void 0 : _a[0], \"Expected to find at least one astNodeId\")), `Expected to find scenario step associated with id = ${(_b = pickleStep.astNodeIds) === null || _b === void 0 ? void 0 : _b[0]}`);\n        const argument = ((_c = pickleStep.argument) === null || _c === void 0 ? void 0 : _c.dataTable)\n            ? new data_table_1.default(pickleStep.argument.dataTable)\n            : ((_e = (_d = pickleStep.argument) === null || _d === void 0 ? void 0 : _d.docString) === null || _e === void 0 ? void 0 : _e.content)\n                ? pickleStep.argument.docString.content\n                : undefined;\n        cy.then(() => {\n            window.testState.pickleStep = step.pickleStep;\n            const start = (0, messages_1.createTimestamp)();\n            internalProperties.currentStep = { pickleStep };\n            internalProperties.currentStepStartedAt = start;\n            taskTestStepStarted(context, {\n                testStepId,\n                testCaseStartedId,\n                timestamp: start,\n            });\n            return cy.wrap(start, { log: false });\n        })\n            .then((start) => {\n            const beforeStepHooks = registry.resolveBeforeStepHooks(tags);\n            const afterStepHooks = registry.resolveAfterStepHooks(tags);\n            const options = {\n                pickle,\n                pickleStep,\n                gherkinDocument,\n                testCaseStartedId,\n                testStepId,\n            };\n            const beforeHooksChain = beforeStepHooks.reduce((chain, beforeStepHook) => {\n                return chain.then(() => (0, cypress_1.runStepWithLogGroup)({\n                    keyword: \"BeforeStep\",\n                    text: createStepDescription(beforeStepHook),\n                    fn: dryRun\n                        ? noopFn\n                        : () => registry.runStepHook(this, beforeStepHook, options),\n                }));\n            }, cy.wrap({}, { log: false }));\n            return beforeHooksChain.then(() => {\n                try {\n                    return (0, cypress_1.runStepWithLogGroup)({\n                        keyword: (0, assertions_1.assertAndReturn)(\"keyword\" in scenarioStep && scenarioStep.keyword, \"Expected to find a keyword in the scenario step\"),\n                        argument,\n                        text,\n                        fn: () => registry.runStepDefininition(this, text, dryRun, argument),\n                    }).then((result) => {\n                        return afterStepHooks\n                            .reduce((chain, afterStepHook) => {\n                            return chain.then(() => (0, cypress_1.runStepWithLogGroup)({\n                                keyword: \"AfterStep\",\n                                text: createStepDescription(afterStepHook),\n                                fn: dryRun\n                                    ? noopFn\n                                    : () => registry.runStepHook(this, afterStepHook, options),\n                            }));\n                        }, cy.wrap({}, { log: false }))\n                            .then(() => {\n                            return { start, result };\n                        });\n                    });\n                }\n                catch (e) {\n                    if (e instanceof registry_1.MissingDefinitionError) {\n                        throw new Error(createMissingStepDefinitionMessage(context, pickleStep, context.registry.parameterTypeRegistry));\n                    }\n                    else {\n                        throw e;\n                    }\n                }\n            });\n        })\n            .then(({ start, result }) => onAfterStep({ start, result, testStepId }));\n    }\n}",
              "err": {},
              "uuid": "33cb4059-2e16-4f22-ba1d-3b8c223edb98",
              "parentUUID": "7f603c81-6722-497f-a1c6-d8215ae1483e",
              "isHook": false,
              "skipped": false
            },
            {
              "title": "To Login to gaed portal with Invalid email (example #2)",
              "fullTitle": "To Login on the GAED folder To Login to gaed portal with Invalid email (example #2)",
              "timedOut": null,
              "duration": 2109,
              "state": "passed",
              "speed": "fast",
              "pass": true,
              "fail": false,
              "pending": false,
              "context": null,
              "code": "var _a, _b, _c, _d, _e;\n/**\n * This must always be true, otherwise something is off.\n */\n(0, assertions_1.assert)(context.includedPickles[0].id === pickle.id, \"Included pickle stack is unsynchronized\");\nconst { remainingSteps, testCaseStartedId } = retrieveInternalSpecProperties();\ntaskTestCaseStarted(context, {\n    id: testCaseStartedId,\n    testCaseId,\n    attempt: attempt++,\n    timestamp: (0, messages_1.createTimestamp)(),\n});\nwindow.testState = {\n    gherkinDocument,\n    pickles,\n    pickle,\n};\nconst onAfterStep = (options) => {\n    var _a, _b, _c;\n    const { testStepId, start, result } = options;\n    const end = (0, messages_1.createTimestamp)();\n    if (result === \"pending\" || result === \"skipped\") {\n        if (result === \"pending\") {\n            taskTestStepFinished(context, {\n                testStepId,\n                testCaseStartedId,\n                testStepResult: {\n                    status: messages_enums_1.TestStepResultStatus.PENDING,\n                    duration: (0, messages_1.duration)(start, end),\n                },\n                timestamp: end,\n            });\n        }\n        else {\n            taskTestStepFinished(context, {\n                testStepId,\n                testCaseStartedId,\n                testStepResult: {\n                    status: messages_enums_1.TestStepResultStatus.SKIPPED,\n                    duration: (0, messages_1.duration)(start, end),\n                },\n                timestamp: end,\n            });\n        }\n        remainingSteps.shift();\n        for (const skippedStep of remainingSteps) {\n            const hookIdOrPickleStepId = (0, assertions_1.assertAndReturn)((_b = (_a = skippedStep.hook) === null || _a === void 0 ? void 0 : _a.id) !== null && _b !== void 0 ? _b : (_c = skippedStep.pickleStep) === null || _c === void 0 ? void 0 : _c.id, \"Expected a step to either be a hook or a pickleStep\");\n            const testStepId = getTestStepId({\n                context,\n                pickleId: pickle.id,\n                hookIdOrPickleStepId,\n            });\n            taskTestStepStarted(context, {\n                testStepId,\n                testCaseStartedId,\n                timestamp: (0, messages_1.createTimestamp)(),\n            });\n            taskTestStepFinished(context, {\n                testStepId,\n                testCaseStartedId,\n                testStepResult: {\n                    status: messages_enums_1.TestStepResultStatus.SKIPPED,\n                    duration: {\n                        seconds: 0,\n                        nanos: 0,\n                    },\n                },\n                timestamp: (0, messages_1.createTimestamp)(),\n            });\n        }\n        for (let i = 0, count = remainingSteps.length; i < count; i++) {\n            remainingSteps.pop();\n        }\n        cy.then(() => this.skip());\n    }\n    else {\n        taskTestStepFinished(context, {\n            testStepId,\n            testCaseStartedId,\n            testStepResult: {\n                status: messages_enums_1.TestStepResultStatus.PASSED,\n                duration: (0, messages_1.duration)(start, end),\n            },\n            timestamp: end,\n        });\n        remainingSteps.shift();\n    }\n};\nfor (const step of steps) {\n    if (step.hook) {\n        const hook = step.hook;\n        const testStepId = getTestStepId({\n            context,\n            pickleId: pickle.id,\n            hookIdOrPickleStepId: hook.id,\n        });\n        cy.then(() => {\n            delete window.testState.pickleStep;\n            const start = (0, messages_1.createTimestamp)();\n            internalProperties.currentStepStartedAt = start;\n            taskTestStepStarted(context, {\n                testStepId,\n                testCaseStartedId,\n                timestamp: start,\n            });\n            return cy.wrap(start, { log: false });\n        })\n            .then((start) => {\n            const options = {\n                pickle,\n                gherkinDocument,\n                testCaseStartedId,\n            };\n            return (0, cypress_1.runStepWithLogGroup)({\n                fn: dryRun\n                    ? noopFn\n                    : () => registry.runCaseHook(this, hook, options),\n                keyword: hook.keyword,\n                text: createStepDescription(hook),\n            }).then((result) => {\n                return { start, result };\n            });\n        })\n            .then(({ start, result }) => onAfterStep({ start, result, testStepId }));\n    }\n    else if (step.pickleStep) {\n        const pickleStep = step.pickleStep;\n        const testStepId = getTestStepId({\n            context,\n            pickleId: pickle.id,\n            hookIdOrPickleStepId: pickleStep.id,\n        });\n        const text = (0, assertions_1.assertAndReturn)(pickleStep.text, \"Expected pickle step to have a text\");\n        const scenarioStep = (0, assertions_1.assertAndReturn)(context.astIdsMap.get((0, assertions_1.assertAndReturn)((_a = pickleStep.astNodeIds) === null || _a === void 0 ? void 0 : _a[0], \"Expected to find at least one astNodeId\")), `Expected to find scenario step associated with id = ${(_b = pickleStep.astNodeIds) === null || _b === void 0 ? void 0 : _b[0]}`);\n        const argument = ((_c = pickleStep.argument) === null || _c === void 0 ? void 0 : _c.dataTable)\n            ? new data_table_1.default(pickleStep.argument.dataTable)\n            : ((_e = (_d = pickleStep.argument) === null || _d === void 0 ? void 0 : _d.docString) === null || _e === void 0 ? void 0 : _e.content)\n                ? pickleStep.argument.docString.content\n                : undefined;\n        cy.then(() => {\n            window.testState.pickleStep = step.pickleStep;\n            const start = (0, messages_1.createTimestamp)();\n            internalProperties.currentStep = { pickleStep };\n            internalProperties.currentStepStartedAt = start;\n            taskTestStepStarted(context, {\n                testStepId,\n                testCaseStartedId,\n                timestamp: start,\n            });\n            return cy.wrap(start, { log: false });\n        })\n            .then((start) => {\n            const beforeStepHooks = registry.resolveBeforeStepHooks(tags);\n            const afterStepHooks = registry.resolveAfterStepHooks(tags);\n            const options = {\n                pickle,\n                pickleStep,\n                gherkinDocument,\n                testCaseStartedId,\n                testStepId,\n            };\n            const beforeHooksChain = beforeStepHooks.reduce((chain, beforeStepHook) => {\n                return chain.then(() => (0, cypress_1.runStepWithLogGroup)({\n                    keyword: \"BeforeStep\",\n                    text: createStepDescription(beforeStepHook),\n                    fn: dryRun\n                        ? noopFn\n                        : () => registry.runStepHook(this, beforeStepHook, options),\n                }));\n            }, cy.wrap({}, { log: false }));\n            return beforeHooksChain.then(() => {\n                try {\n                    return (0, cypress_1.runStepWithLogGroup)({\n                        keyword: (0, assertions_1.assertAndReturn)(\"keyword\" in scenarioStep && scenarioStep.keyword, \"Expected to find a keyword in the scenario step\"),\n                        argument,\n                        text,\n                        fn: () => registry.runStepDefininition(this, text, dryRun, argument),\n                    }).then((result) => {\n                        return afterStepHooks\n                            .reduce((chain, afterStepHook) => {\n                            return chain.then(() => (0, cypress_1.runStepWithLogGroup)({\n                                keyword: \"AfterStep\",\n                                text: createStepDescription(afterStepHook),\n                                fn: dryRun\n                                    ? noopFn\n                                    : () => registry.runStepHook(this, afterStepHook, options),\n                            }));\n                        }, cy.wrap({}, { log: false }))\n                            .then(() => {\n                            return { start, result };\n                        });\n                    });\n                }\n                catch (e) {\n                    if (e instanceof registry_1.MissingDefinitionError) {\n                        throw new Error(createMissingStepDefinitionMessage(context, pickleStep, context.registry.parameterTypeRegistry));\n                    }\n                    else {\n                        throw e;\n                    }\n                }\n            });\n        })\n            .then(({ start, result }) => onAfterStep({ start, result, testStepId }));\n    }\n}",
              "err": {},
              "uuid": "941438bc-99de-4dcb-804b-c4a26da109b5",
              "parentUUID": "7f603c81-6722-497f-a1c6-d8215ae1483e",
              "isHook": false,
              "skipped": false
            },
            {
              "title": "To Login to gaed portal with empty email",
              "fullTitle": "To Login on the GAED folder To Login to gaed portal with empty email",
              "timedOut": null,
              "duration": 3032,
              "state": "passed",
              "speed": "fast",
              "pass": true,
              "fail": false,
              "pending": false,
              "context": null,
              "code": "var _a, _b, _c, _d, _e;\n/**\n * This must always be true, otherwise something is off.\n */\n(0, assertions_1.assert)(context.includedPickles[0].id === pickle.id, \"Included pickle stack is unsynchronized\");\nconst { remainingSteps, testCaseStartedId } = retrieveInternalSpecProperties();\ntaskTestCaseStarted(context, {\n    id: testCaseStartedId,\n    testCaseId,\n    attempt: attempt++,\n    timestamp: (0, messages_1.createTimestamp)(),\n});\nwindow.testState = {\n    gherkinDocument,\n    pickles,\n    pickle,\n};\nconst onAfterStep = (options) => {\n    var _a, _b, _c;\n    const { testStepId, start, result } = options;\n    const end = (0, messages_1.createTimestamp)();\n    if (result === \"pending\" || result === \"skipped\") {\n        if (result === \"pending\") {\n            taskTestStepFinished(context, {\n                testStepId,\n                testCaseStartedId,\n                testStepResult: {\n                    status: messages_enums_1.TestStepResultStatus.PENDING,\n                    duration: (0, messages_1.duration)(start, end),\n                },\n                timestamp: end,\n            });\n        }\n        else {\n            taskTestStepFinished(context, {\n                testStepId,\n                testCaseStartedId,\n                testStepResult: {\n                    status: messages_enums_1.TestStepResultStatus.SKIPPED,\n                    duration: (0, messages_1.duration)(start, end),\n                },\n                timestamp: end,\n            });\n        }\n        remainingSteps.shift();\n        for (const skippedStep of remainingSteps) {\n            const hookIdOrPickleStepId = (0, assertions_1.assertAndReturn)((_b = (_a = skippedStep.hook) === null || _a === void 0 ? void 0 : _a.id) !== null && _b !== void 0 ? _b : (_c = skippedStep.pickleStep) === null || _c === void 0 ? void 0 : _c.id, \"Expected a step to either be a hook or a pickleStep\");\n            const testStepId = getTestStepId({\n                context,\n                pickleId: pickle.id,\n                hookIdOrPickleStepId,\n            });\n            taskTestStepStarted(context, {\n                testStepId,\n                testCaseStartedId,\n                timestamp: (0, messages_1.createTimestamp)(),\n            });\n            taskTestStepFinished(context, {\n                testStepId,\n                testCaseStartedId,\n                testStepResult: {\n                    status: messages_enums_1.TestStepResultStatus.SKIPPED,\n                    duration: {\n                        seconds: 0,\n                        nanos: 0,\n                    },\n                },\n                timestamp: (0, messages_1.createTimestamp)(),\n            });\n        }\n        for (let i = 0, count = remainingSteps.length; i < count; i++) {\n            remainingSteps.pop();\n        }\n        cy.then(() => this.skip());\n    }\n    else {\n        taskTestStepFinished(context, {\n            testStepId,\n            testCaseStartedId,\n            testStepResult: {\n                status: messages_enums_1.TestStepResultStatus.PASSED,\n                duration: (0, messages_1.duration)(start, end),\n            },\n            timestamp: end,\n        });\n        remainingSteps.shift();\n    }\n};\nfor (const step of steps) {\n    if (step.hook) {\n        const hook = step.hook;\n        const testStepId = getTestStepId({\n            context,\n            pickleId: pickle.id,\n            hookIdOrPickleStepId: hook.id,\n        });\n        cy.then(() => {\n            delete window.testState.pickleStep;\n            const start = (0, messages_1.createTimestamp)();\n            internalProperties.currentStepStartedAt = start;\n            taskTestStepStarted(context, {\n                testStepId,\n                testCaseStartedId,\n                timestamp: start,\n            });\n            return cy.wrap(start, { log: false });\n        })\n            .then((start) => {\n            const options = {\n                pickle,\n                gherkinDocument,\n                testCaseStartedId,\n            };\n            return (0, cypress_1.runStepWithLogGroup)({\n                fn: dryRun\n                    ? noopFn\n                    : () => registry.runCaseHook(this, hook, options),\n                keyword: hook.keyword,\n                text: createStepDescription(hook),\n            }).then((result) => {\n                return { start, result };\n            });\n        })\n            .then(({ start, result }) => onAfterStep({ start, result, testStepId }));\n    }\n    else if (step.pickleStep) {\n        const pickleStep = step.pickleStep;\n        const testStepId = getTestStepId({\n            context,\n            pickleId: pickle.id,\n            hookIdOrPickleStepId: pickleStep.id,\n        });\n        const text = (0, assertions_1.assertAndReturn)(pickleStep.text, \"Expected pickle step to have a text\");\n        const scenarioStep = (0, assertions_1.assertAndReturn)(context.astIdsMap.get((0, assertions_1.assertAndReturn)((_a = pickleStep.astNodeIds) === null || _a === void 0 ? void 0 : _a[0], \"Expected to find at least one astNodeId\")), `Expected to find scenario step associated with id = ${(_b = pickleStep.astNodeIds) === null || _b === void 0 ? void 0 : _b[0]}`);\n        const argument = ((_c = pickleStep.argument) === null || _c === void 0 ? void 0 : _c.dataTable)\n            ? new data_table_1.default(pickleStep.argument.dataTable)\n            : ((_e = (_d = pickleStep.argument) === null || _d === void 0 ? void 0 : _d.docString) === null || _e === void 0 ? void 0 : _e.content)\n                ? pickleStep.argument.docString.content\n                : undefined;\n        cy.then(() => {\n            window.testState.pickleStep = step.pickleStep;\n            const start = (0, messages_1.createTimestamp)();\n            internalProperties.currentStep = { pickleStep };\n            internalProperties.currentStepStartedAt = start;\n            taskTestStepStarted(context, {\n                testStepId,\n                testCaseStartedId,\n                timestamp: start,\n            });\n            return cy.wrap(start, { log: false });\n        })\n            .then((start) => {\n            const beforeStepHooks = registry.resolveBeforeStepHooks(tags);\n            const afterStepHooks = registry.resolveAfterStepHooks(tags);\n            const options = {\n                pickle,\n                pickleStep,\n                gherkinDocument,\n                testCaseStartedId,\n                testStepId,\n            };\n            const beforeHooksChain = beforeStepHooks.reduce((chain, beforeStepHook) => {\n                return chain.then(() => (0, cypress_1.runStepWithLogGroup)({\n                    keyword: \"BeforeStep\",\n                    text: createStepDescription(beforeStepHook),\n                    fn: dryRun\n                        ? noopFn\n                        : () => registry.runStepHook(this, beforeStepHook, options),\n                }));\n            }, cy.wrap({}, { log: false }));\n            return beforeHooksChain.then(() => {\n                try {\n                    return (0, cypress_1.runStepWithLogGroup)({\n                        keyword: (0, assertions_1.assertAndReturn)(\"keyword\" in scenarioStep && scenarioStep.keyword, \"Expected to find a keyword in the scenario step\"),\n                        argument,\n                        text,\n                        fn: () => registry.runStepDefininition(this, text, dryRun, argument),\n                    }).then((result) => {\n                        return afterStepHooks\n                            .reduce((chain, afterStepHook) => {\n                            return chain.then(() => (0, cypress_1.runStepWithLogGroup)({\n                                keyword: \"AfterStep\",\n                                text: createStepDescription(afterStepHook),\n                                fn: dryRun\n                                    ? noopFn\n                                    : () => registry.runStepHook(this, afterStepHook, options),\n                            }));\n                        }, cy.wrap({}, { log: false }))\n                            .then(() => {\n                            return { start, result };\n                        });\n                    });\n                }\n                catch (e) {\n                    if (e instanceof registry_1.MissingDefinitionError) {\n                        throw new Error(createMissingStepDefinitionMessage(context, pickleStep, context.registry.parameterTypeRegistry));\n                    }\n                    else {\n                        throw e;\n                    }\n                }\n            });\n        })\n            .then(({ start, result }) => onAfterStep({ start, result, testStepId }));\n    }\n}",
              "err": {},
              "uuid": "79078443-5d37-44ad-afa2-f82b029721de",
              "parentUUID": "7f603c81-6722-497f-a1c6-d8215ae1483e",
              "isHook": false,
              "skipped": false
            }
          ],
          "suites": [],
          "passes": [
            "33cb4059-2e16-4f22-ba1d-3b8c223edb98",
            "941438bc-99de-4dcb-804b-c4a26da109b5",
            "79078443-5d37-44ad-afa2-f82b029721de"
          ],
          "failures": [
            "75689e06-b283-44f7-b30d-854f79e45bd9",
            "79334dda-a85a-463c-9f71-137d5477ff15"
          ],
          "pending": [],
          "skipped": [],
          "duration": 23699,
          "root": false,
          "rootEmpty": false,
          "_timeout": 2000
        }
      ],
      "passes": [],
      "failures": [],
      "pending": [],
      "skipped": [],
      "duration": 0,
      "root": true,
      "rootEmpty": true,
      "_timeout": 2000
    }
  ],
  "meta": {
    "mocha": {
      "version": "7.2.0"
    },
    "mochawesome": {
      "options": {
        "quiet": false,
        "reportFilename": "mochawesome",
        "saveHtml": false,
        "saveJson": true,
        "consoleReporter": "spec",
        "useInlineDiffs": false,
        "code": true
      },
      "version": "7.1.3"
    },
    "marge": {
      "options": {
        "overwrite": false,
        "html": false,
        "json": true,
        "reportDir": "cypress\\reports\\html\\.jsons"
      },
      "version": "6.2.0"
    }
  }
}